2025-03-02 17:28:48,973 - root - INFO - navigated to the website: https://training.openspan.com/login
2025-03-02 17:28:51,508 - root - INFO - The user name and password is: Vishal, Test 
2025-03-02 17:28:51,508 - root - INFO - The user name and password is: Vishal, Test 
2025-03-02 17:28:55,494 - root - INFO - Clicked on the Signin Button
2025-03-02 17:28:55,494 - root - INFO - Clicked on the Signin Button
2025-03-02 17:28:55,494 - root - INFO - Clicked on the Signin Button
2025-03-02 17:28:55,533 - root - INFO - Login Success
2025-03-02 17:28:55,533 - root - INFO - Login Success
2025-03-02 17:28:55,533 - root - INFO - Login Success
2025-03-02 17:28:57,143 - root - INFO - Clicked on the "Customers" Button
2025-03-02 17:28:57,143 - root - INFO - Clicked on the "Customers" Button
2025-03-02 17:28:57,143 - root - INFO - Clicked on the "Customers" Button
2025-03-02 17:28:57,143 - root - INFO - Clicked on the "Customers" Button
2025-03-02 17:29:49,443 - urllib3.connectionpool - WARNING - Retrying (Retry(total=2, connect=None, read=None, redirect=None, status=None)) after connection broken by 'NewConnectionError('<urllib3.connection.HTTPConnection object at 0x0000017472600210>: Failed to establish a new connection: [WinError 10061] No connection could be made because the target machine actively refused it')': /session/a8e33a5fea7127216b69ad41054db3b7
2025-03-02 17:29:49,443 - urllib3.connectionpool - WARNING - Retrying (Retry(total=2, connect=None, read=None, redirect=None, status=None)) after connection broken by 'NewConnectionError('<urllib3.connection.HTTPConnection object at 0x0000017472600210>: Failed to establish a new connection: [WinError 10061] No connection could be made because the target machine actively refused it')': /session/a8e33a5fea7127216b69ad41054db3b7
2025-03-02 17:29:49,443 - urllib3.connectionpool - WARNING - Retrying (Retry(total=2, connect=None, read=None, redirect=None, status=None)) after connection broken by 'NewConnectionError('<urllib3.connection.HTTPConnection object at 0x0000017472600210>: Failed to establish a new connection: [WinError 10061] No connection could be made because the target machine actively refused it')': /session/a8e33a5fea7127216b69ad41054db3b7
2025-03-02 17:29:49,443 - urllib3.connectionpool - WARNING - Retrying (Retry(total=2, connect=None, read=None, redirect=None, status=None)) after connection broken by 'NewConnectionError('<urllib3.connection.HTTPConnection object at 0x0000017472600210>: Failed to establish a new connection: [WinError 10061] No connection could be made because the target machine actively refused it')': /session/a8e33a5fea7127216b69ad41054db3b7
2025-03-02 17:29:53,534 - urllib3.connectionpool - WARNING - Retrying (Retry(total=1, connect=None, read=None, redirect=None, status=None)) after connection broken by 'NewConnectionError('<urllib3.connection.HTTPConnection object at 0x000001747266BF10>: Failed to establish a new connection: [WinError 10061] No connection could be made because the target machine actively refused it')': /session/a8e33a5fea7127216b69ad41054db3b7
2025-03-02 17:29:53,534 - urllib3.connectionpool - WARNING - Retrying (Retry(total=1, connect=None, read=None, redirect=None, status=None)) after connection broken by 'NewConnectionError('<urllib3.connection.HTTPConnection object at 0x000001747266BF10>: Failed to establish a new connection: [WinError 10061] No connection could be made because the target machine actively refused it')': /session/a8e33a5fea7127216b69ad41054db3b7
2025-03-02 17:29:53,534 - urllib3.connectionpool - WARNING - Retrying (Retry(total=1, connect=None, read=None, redirect=None, status=None)) after connection broken by 'NewConnectionError('<urllib3.connection.HTTPConnection object at 0x000001747266BF10>: Failed to establish a new connection: [WinError 10061] No connection could be made because the target machine actively refused it')': /session/a8e33a5fea7127216b69ad41054db3b7
2025-03-02 17:29:53,534 - urllib3.connectionpool - WARNING - Retrying (Retry(total=1, connect=None, read=None, redirect=None, status=None)) after connection broken by 'NewConnectionError('<urllib3.connection.HTTPConnection object at 0x000001747266BF10>: Failed to establish a new connection: [WinError 10061] No connection could be made because the target machine actively refused it')': /session/a8e33a5fea7127216b69ad41054db3b7
2025-03-02 17:29:57,585 - urllib3.connectionpool - WARNING - Retrying (Retry(total=0, connect=None, read=None, redirect=None, status=None)) after connection broken by 'NewConnectionError('<urllib3.connection.HTTPConnection object at 0x0000017472670850>: Failed to establish a new connection: [WinError 10061] No connection could be made because the target machine actively refused it')': /session/a8e33a5fea7127216b69ad41054db3b7
2025-03-02 17:29:57,585 - urllib3.connectionpool - WARNING - Retrying (Retry(total=0, connect=None, read=None, redirect=None, status=None)) after connection broken by 'NewConnectionError('<urllib3.connection.HTTPConnection object at 0x0000017472670850>: Failed to establish a new connection: [WinError 10061] No connection could be made because the target machine actively refused it')': /session/a8e33a5fea7127216b69ad41054db3b7
2025-03-02 17:29:57,585 - urllib3.connectionpool - WARNING - Retrying (Retry(total=0, connect=None, read=None, redirect=None, status=None)) after connection broken by 'NewConnectionError('<urllib3.connection.HTTPConnection object at 0x0000017472670850>: Failed to establish a new connection: [WinError 10061] No connection could be made because the target machine actively refused it')': /session/a8e33a5fea7127216b69ad41054db3b7
2025-03-02 17:29:57,585 - urllib3.connectionpool - WARNING - Retrying (Retry(total=0, connect=None, read=None, redirect=None, status=None)) after connection broken by 'NewConnectionError('<urllib3.connection.HTTPConnection object at 0x0000017472670850>: Failed to establish a new connection: [WinError 10061] No connection could be made because the target machine actively refused it')': /session/a8e33a5fea7127216b69ad41054db3b7
