2024-12-19 21:41:58,516 - root - INFO - navigated to the website: https://training.openspan.com/login
2024-12-19 21:42:00,868 - root - INFO - The user name and password is: Vishal, Testing 
2024-12-19 21:42:00,868 - root - INFO - The user name and password is: Vishal, Testing 
2024-12-19 21:42:03,638 - root - INFO - Clicked on the Signin Button
2024-12-19 21:42:03,638 - root - INFO - Clicked on the Signin Button
2024-12-19 21:42:03,638 - root - INFO - Clicked on the Signin Button
2024-12-19 21:42:03,685 - root - INFO - Login Success
2024-12-19 21:42:03,685 - root - INFO - Login Success
2024-12-19 21:42:03,685 - root - INFO - Login Success
2024-12-19 21:42:04,165 - root - INFO - Selected the Finance from the Gear Icon
2024-12-19 21:42:04,165 - root - INFO - Selected the Finance from the Gear Icon
2024-12-19 21:42:04,165 - root - INFO - Selected the Finance from the Gear Icon
2024-12-19 21:42:04,165 - root - INFO - Selected the Finance from the Gear Icon
2024-12-19 21:42:04,165 - root - INFO - Selected the Finance from the Gear Icon
2024-12-19 21:42:09,440 - root - INFO - The user name and password is: Finance, Test@1234 
2024-12-19 21:42:09,440 - root - INFO - The user name and password is: Finance, Test@1234 
2024-12-19 21:42:09,440 - root - INFO - The user name and password is: Finance, Test@1234 
2024-12-19 21:42:09,440 - root - INFO - The user name and password is: Finance, Test@1234 
2024-12-19 21:42:09,440 - root - INFO - The user name and password is: Finance, Test@1234 
2024-12-19 21:42:12,366 - root - INFO - Clicked on the Signin Button
2024-12-19 21:42:12,366 - root - INFO - Clicked on the Signin Button
2024-12-19 21:42:12,366 - root - INFO - Clicked on the Signin Button
2024-12-19 21:42:12,366 - root - INFO - Clicked on the Signin Button
2024-12-19 21:42:12,366 - root - INFO - Clicked on the Signin Button
2024-12-19 21:42:14,370 - root - INFO - $$$$$$$$$$$$$$$$$$$ - Hover over on Gear Icon - $$$$$$$$$$$$$$$$$$$
2024-12-19 21:42:14,370 - root - INFO - $$$$$$$$$$$$$$$$$$$ - Hover over on Gear Icon - $$$$$$$$$$$$$$$$$$$
2024-12-19 21:42:14,370 - root - INFO - $$$$$$$$$$$$$$$$$$$ - Hover over on Gear Icon - $$$$$$$$$$$$$$$$$$$
2024-12-19 21:42:14,370 - root - INFO - $$$$$$$$$$$$$$$$$$$ - Hover over on Gear Icon - $$$$$$$$$$$$$$$$$$$
2024-12-19 21:42:14,370 - root - INFO - $$$$$$$$$$$$$$$$$$$ - Hover over on Gear Icon - $$$$$$$$$$$$$$$$$$$
2024-12-19 21:42:14,370 - root - INFO - $$$$$$$$$$$$$$$$$$$ - Hover over on Gear Icon - $$$$$$$$$$$$$$$$$$$
2024-12-19 21:42:14,430 - root - INFO - ACME Finance
2024-12-19 21:42:14,430 - root - INFO - ACME Finance
2024-12-19 21:42:14,430 - root - INFO - ACME Finance
2024-12-19 21:42:14,430 - root - INFO - ACME Finance
2024-12-19 21:42:14,430 - root - INFO - ACME Finance
2024-12-19 21:42:14,430 - root - INFO - ACME Finance
2024-12-19 21:42:15,434 - root - INFO - $$$$$$$$$$$$$$$$$$$ - Hover over on Gear Icon - $$$$$$$$$$$$$$$$$$$
2024-12-19 21:42:15,434 - root - INFO - $$$$$$$$$$$$$$$$$$$ - Hover over on Gear Icon - $$$$$$$$$$$$$$$$$$$
2024-12-19 21:42:15,434 - root - INFO - $$$$$$$$$$$$$$$$$$$ - Hover over on Gear Icon - $$$$$$$$$$$$$$$$$$$
2024-12-19 21:42:15,434 - root - INFO - $$$$$$$$$$$$$$$$$$$ - Hover over on Gear Icon - $$$$$$$$$$$$$$$$$$$
2024-12-19 21:42:15,434 - root - INFO - $$$$$$$$$$$$$$$$$$$ - Hover over on Gear Icon - $$$$$$$$$$$$$$$$$$$
2024-12-19 21:42:15,434 - root - INFO - $$$$$$$$$$$$$$$$$$$ - Hover over on Gear Icon - $$$$$$$$$$$$$$$$$$$
2024-12-19 21:42:15,434 - root - INFO - $$$$$$$$$$$$$$$$$$$ - Hover over on Gear Icon - $$$$$$$$$$$$$$$$$$$
2024-12-19 21:42:15,798 - root - INFO - The Del Chgs is found
2024-12-19 21:42:15,798 - root - INFO - The Del Chgs is found
2024-12-19 21:42:15,798 - root - INFO - The Del Chgs is found
2024-12-19 21:42:15,798 - root - INFO - The Del Chgs is found
2024-12-19 21:42:15,798 - root - INFO - The Del Chgs is found
2024-12-19 21:42:15,798 - root - INFO - The Del Chgs is found
2024-12-19 21:42:15,798 - root - INFO - The Del Chgs is found
2024-12-19 21:42:15,867 - root - INFO - $$$$$$$$$$$$$$$$$$$ - Allert - $$$$$$$$$$$$$$$$$$$
2024-12-19 21:42:15,867 - root - INFO - $$$$$$$$$$$$$$$$$$$ - Allert - $$$$$$$$$$$$$$$$$$$
2024-12-19 21:42:15,867 - root - INFO - $$$$$$$$$$$$$$$$$$$ - Allert - $$$$$$$$$$$$$$$$$$$
2024-12-19 21:42:15,867 - root - INFO - $$$$$$$$$$$$$$$$$$$ - Allert - $$$$$$$$$$$$$$$$$$$
2024-12-19 21:42:15,867 - root - INFO - $$$$$$$$$$$$$$$$$$$ - Allert - $$$$$$$$$$$$$$$$$$$
2024-12-19 21:42:15,867 - root - INFO - $$$$$$$$$$$$$$$$$$$ - Allert - $$$$$$$$$$$$$$$$$$$
2024-12-19 21:42:15,867 - root - INFO - $$$$$$$$$$$$$$$$$$$ - Allert - $$$$$$$$$$$$$$$$$$$
2024-12-19 21:42:15,872 - root - INFO - The alert text is: Are you sure you want to reset the data? All orders you have created will be deleted.
2024-12-19 21:42:15,872 - root - INFO - The alert text is: Are you sure you want to reset the data? All orders you have created will be deleted.
2024-12-19 21:42:15,872 - root - INFO - The alert text is: Are you sure you want to reset the data? All orders you have created will be deleted.
2024-12-19 21:42:15,872 - root - INFO - The alert text is: Are you sure you want to reset the data? All orders you have created will be deleted.
2024-12-19 21:42:15,872 - root - INFO - The alert text is: Are you sure you want to reset the data? All orders you have created will be deleted.
2024-12-19 21:42:15,872 - root - INFO - The alert text is: Are you sure you want to reset the data? All orders you have created will be deleted.
2024-12-19 21:42:15,872 - root - INFO - The alert text is: Are you sure you want to reset the data? All orders you have created will be deleted.
2024-12-23 20:57:47,853 - root - INFO - navigated to the website: https://training.openspan.com/login
2024-12-23 20:57:51,480 - root - INFO - The user name and password is: Vishal, Testing 
2024-12-23 20:57:51,480 - root - INFO - The user name and password is: Vishal, Testing 
2024-12-23 20:57:54,380 - root - INFO - Clicked on the Signin Button
2024-12-23 20:57:54,380 - root - INFO - Clicked on the Signin Button
2024-12-23 20:57:54,380 - root - INFO - Clicked on the Signin Button
2024-12-23 20:57:54,406 - root - INFO - Login Success
2024-12-23 20:57:54,406 - root - INFO - Login Success
2024-12-23 20:57:54,406 - root - INFO - Login Success
2024-12-23 20:57:54,882 - root - INFO - Selected the Finance from the Gear Icon
2024-12-23 20:57:54,882 - root - INFO - Selected the Finance from the Gear Icon
2024-12-23 20:57:54,882 - root - INFO - Selected the Finance from the Gear Icon
2024-12-23 20:57:54,882 - root - INFO - Selected the Finance from the Gear Icon
2024-12-23 20:57:54,882 - root - INFO - Selected the Finance from the Gear Icon
2024-12-23 20:58:00,122 - root - INFO - The user name and password is: Finance, Test@1234 
2024-12-23 20:58:00,122 - root - INFO - The user name and password is: Finance, Test@1234 
2024-12-23 20:58:00,122 - root - INFO - The user name and password is: Finance, Test@1234 
2024-12-23 20:58:00,122 - root - INFO - The user name and password is: Finance, Test@1234 
2024-12-23 20:58:00,122 - root - INFO - The user name and password is: Finance, Test@1234 
2024-12-23 20:58:02,999 - root - INFO - Clicked on the Signin Button
2024-12-23 20:58:02,999 - root - INFO - Clicked on the Signin Button
2024-12-23 20:58:02,999 - root - INFO - Clicked on the Signin Button
2024-12-23 20:58:02,999 - root - INFO - Clicked on the Signin Button
2024-12-23 20:58:02,999 - root - INFO - Clicked on the Signin Button
2024-12-23 20:58:05,006 - root - INFO - $$$$$$$$$$$$$$$$$$$ - Hover over on Gear Icon - $$$$$$$$$$$$$$$$$$$
2024-12-23 20:58:05,006 - root - INFO - $$$$$$$$$$$$$$$$$$$ - Hover over on Gear Icon - $$$$$$$$$$$$$$$$$$$
2024-12-23 20:58:05,006 - root - INFO - $$$$$$$$$$$$$$$$$$$ - Hover over on Gear Icon - $$$$$$$$$$$$$$$$$$$
2024-12-23 20:58:05,006 - root - INFO - $$$$$$$$$$$$$$$$$$$ - Hover over on Gear Icon - $$$$$$$$$$$$$$$$$$$
2024-12-23 20:58:05,006 - root - INFO - $$$$$$$$$$$$$$$$$$$ - Hover over on Gear Icon - $$$$$$$$$$$$$$$$$$$
2024-12-23 20:58:05,006 - root - INFO - $$$$$$$$$$$$$$$$$$$ - Hover over on Gear Icon - $$$$$$$$$$$$$$$$$$$
2024-12-23 20:58:05,049 - root - INFO - ACME Finance
2024-12-23 20:58:05,049 - root - INFO - ACME Finance
2024-12-23 20:58:05,049 - root - INFO - ACME Finance
2024-12-23 20:58:05,049 - root - INFO - ACME Finance
2024-12-23 20:58:05,049 - root - INFO - ACME Finance
2024-12-23 20:58:05,049 - root - INFO - ACME Finance
2024-12-23 20:58:06,050 - root - INFO - $$$$$$$$$$$$$$$$$$$ - Hover over on Gear Icon - $$$$$$$$$$$$$$$$$$$
2024-12-23 20:58:06,050 - root - INFO - $$$$$$$$$$$$$$$$$$$ - Hover over on Gear Icon - $$$$$$$$$$$$$$$$$$$
2024-12-23 20:58:06,050 - root - INFO - $$$$$$$$$$$$$$$$$$$ - Hover over on Gear Icon - $$$$$$$$$$$$$$$$$$$
2024-12-23 20:58:06,050 - root - INFO - $$$$$$$$$$$$$$$$$$$ - Hover over on Gear Icon - $$$$$$$$$$$$$$$$$$$
2024-12-23 20:58:06,050 - root - INFO - $$$$$$$$$$$$$$$$$$$ - Hover over on Gear Icon - $$$$$$$$$$$$$$$$$$$
2024-12-23 20:58:06,050 - root - INFO - $$$$$$$$$$$$$$$$$$$ - Hover over on Gear Icon - $$$$$$$$$$$$$$$$$$$
2024-12-23 20:58:06,050 - root - INFO - $$$$$$$$$$$$$$$$$$$ - Hover over on Gear Icon - $$$$$$$$$$$$$$$$$$$
2024-12-23 20:58:06,497 - root - INFO - The Del Chgs is found
2024-12-23 20:58:06,497 - root - INFO - The Del Chgs is found
2024-12-23 20:58:06,497 - root - INFO - The Del Chgs is found
2024-12-23 20:58:06,497 - root - INFO - The Del Chgs is found
2024-12-23 20:58:06,497 - root - INFO - The Del Chgs is found
2024-12-23 20:58:06,497 - root - INFO - The Del Chgs is found
2024-12-23 20:58:06,497 - root - INFO - The Del Chgs is found
2024-12-23 20:58:06,566 - root - INFO - $$$$$$$$$$$$$$$$$$$ - Allert - $$$$$$$$$$$$$$$$$$$
2024-12-23 20:58:06,566 - root - INFO - $$$$$$$$$$$$$$$$$$$ - Allert - $$$$$$$$$$$$$$$$$$$
2024-12-23 20:58:06,566 - root - INFO - $$$$$$$$$$$$$$$$$$$ - Allert - $$$$$$$$$$$$$$$$$$$
2024-12-23 20:58:06,566 - root - INFO - $$$$$$$$$$$$$$$$$$$ - Allert - $$$$$$$$$$$$$$$$$$$
2024-12-23 20:58:06,566 - root - INFO - $$$$$$$$$$$$$$$$$$$ - Allert - $$$$$$$$$$$$$$$$$$$
2024-12-23 20:58:06,566 - root - INFO - $$$$$$$$$$$$$$$$$$$ - Allert - $$$$$$$$$$$$$$$$$$$
2024-12-23 20:58:06,566 - root - INFO - $$$$$$$$$$$$$$$$$$$ - Allert - $$$$$$$$$$$$$$$$$$$
2024-12-23 20:58:06,570 - root - INFO - The alert text is: Are you sure you want to reset the data? All orders you have created will be deleted.
2024-12-23 20:58:06,570 - root - INFO - The alert text is: Are you sure you want to reset the data? All orders you have created will be deleted.
2024-12-23 20:58:06,570 - root - INFO - The alert text is: Are you sure you want to reset the data? All orders you have created will be deleted.
2024-12-23 20:58:06,570 - root - INFO - The alert text is: Are you sure you want to reset the data? All orders you have created will be deleted.
2024-12-23 20:58:06,570 - root - INFO - The alert text is: Are you sure you want to reset the data? All orders you have created will be deleted.
2024-12-23 20:58:06,570 - root - INFO - The alert text is: Are you sure you want to reset the data? All orders you have created will be deleted.
2024-12-23 20:58:06,570 - root - INFO - The alert text is: Are you sure you want to reset the data? All orders you have created will be deleted.
2025-01-05 14:09:07,498 - root - INFO - navigated to the website: https://training.openspan.com/login
2025-01-05 14:09:09,880 - root - INFO - The user name and password is: Vishal, Testing 
2025-01-05 14:09:09,880 - root - INFO - The user name and password is: Vishal, Testing 
2025-01-05 14:09:13,058 - root - INFO - Clicked on the Signin Button
2025-01-05 14:09:13,058 - root - INFO - Clicked on the Signin Button
2025-01-05 14:09:13,058 - root - INFO - Clicked on the Signin Button
2025-01-05 14:09:13,255 - root - INFO - Login Success
2025-01-05 14:09:13,255 - root - INFO - Login Success
2025-01-05 14:09:13,255 - root - INFO - Login Success
2025-01-05 14:09:13,969 - root - INFO - Selected the Finance from the Gear Icon
2025-01-05 14:09:13,969 - root - INFO - Selected the Finance from the Gear Icon
2025-01-05 14:09:13,969 - root - INFO - Selected the Finance from the Gear Icon
2025-01-05 14:09:13,969 - root - INFO - Selected the Finance from the Gear Icon
2025-01-05 14:09:13,969 - root - INFO - Selected the Finance from the Gear Icon
2025-01-05 14:09:19,561 - root - INFO - The user name and password is: Finance, Test@1234 
2025-01-05 14:09:19,561 - root - INFO - The user name and password is: Finance, Test@1234 
2025-01-05 14:09:19,561 - root - INFO - The user name and password is: Finance, Test@1234 
2025-01-05 14:09:19,561 - root - INFO - The user name and password is: Finance, Test@1234 
2025-01-05 14:09:19,561 - root - INFO - The user name and password is: Finance, Test@1234 
2025-01-05 14:09:24,497 - root - INFO - Clicked on the Signin Button
2025-01-05 14:09:24,497 - root - INFO - Clicked on the Signin Button
2025-01-05 14:09:24,497 - root - INFO - Clicked on the Signin Button
2025-01-05 14:09:24,497 - root - INFO - Clicked on the Signin Button
2025-01-05 14:09:24,497 - root - INFO - Clicked on the Signin Button
2025-01-05 14:09:26,506 - root - INFO - $$$$$$$$$$$$$$$$$$$ - Hover over on Gear Icon - $$$$$$$$$$$$$$$$$$$
2025-01-05 14:09:26,506 - root - INFO - $$$$$$$$$$$$$$$$$$$ - Hover over on Gear Icon - $$$$$$$$$$$$$$$$$$$
2025-01-05 14:09:26,506 - root - INFO - $$$$$$$$$$$$$$$$$$$ - Hover over on Gear Icon - $$$$$$$$$$$$$$$$$$$
2025-01-05 14:09:26,506 - root - INFO - $$$$$$$$$$$$$$$$$$$ - Hover over on Gear Icon - $$$$$$$$$$$$$$$$$$$
2025-01-05 14:09:26,506 - root - INFO - $$$$$$$$$$$$$$$$$$$ - Hover over on Gear Icon - $$$$$$$$$$$$$$$$$$$
2025-01-05 14:09:26,506 - root - INFO - $$$$$$$$$$$$$$$$$$$ - Hover over on Gear Icon - $$$$$$$$$$$$$$$$$$$
2025-01-05 14:09:26,557 - root - INFO - ACME Finance
2025-01-05 14:09:26,557 - root - INFO - ACME Finance
2025-01-05 14:09:26,557 - root - INFO - ACME Finance
2025-01-05 14:09:26,557 - root - INFO - ACME Finance
2025-01-05 14:09:26,557 - root - INFO - ACME Finance
2025-01-05 14:09:26,557 - root - INFO - ACME Finance
2025-01-05 14:09:27,622 - root - INFO - $$$$$$$$$$$$$$$$$$$ - Hover over on Gear Icon - $$$$$$$$$$$$$$$$$$$
2025-01-05 14:09:27,622 - root - INFO - $$$$$$$$$$$$$$$$$$$ - Hover over on Gear Icon - $$$$$$$$$$$$$$$$$$$
2025-01-05 14:09:27,622 - root - INFO - $$$$$$$$$$$$$$$$$$$ - Hover over on Gear Icon - $$$$$$$$$$$$$$$$$$$
2025-01-05 14:09:27,622 - root - INFO - $$$$$$$$$$$$$$$$$$$ - Hover over on Gear Icon - $$$$$$$$$$$$$$$$$$$
2025-01-05 14:09:27,622 - root - INFO - $$$$$$$$$$$$$$$$$$$ - Hover over on Gear Icon - $$$$$$$$$$$$$$$$$$$
2025-01-05 14:09:27,622 - root - INFO - $$$$$$$$$$$$$$$$$$$ - Hover over on Gear Icon - $$$$$$$$$$$$$$$$$$$
2025-01-05 14:09:27,622 - root - INFO - $$$$$$$$$$$$$$$$$$$ - Hover over on Gear Icon - $$$$$$$$$$$$$$$$$$$
2025-01-05 14:09:27,966 - root - INFO - The Del Chgs is found
2025-01-05 14:09:27,966 - root - INFO - The Del Chgs is found
2025-01-05 14:09:27,966 - root - INFO - The Del Chgs is found
2025-01-05 14:09:27,966 - root - INFO - The Del Chgs is found
2025-01-05 14:09:27,966 - root - INFO - The Del Chgs is found
2025-01-05 14:09:27,966 - root - INFO - The Del Chgs is found
2025-01-05 14:09:27,966 - root - INFO - The Del Chgs is found
2025-01-05 14:09:28,038 - root - INFO - $$$$$$$$$$$$$$$$$$$ - Allert - $$$$$$$$$$$$$$$$$$$
2025-01-05 14:09:28,038 - root - INFO - $$$$$$$$$$$$$$$$$$$ - Allert - $$$$$$$$$$$$$$$$$$$
2025-01-05 14:09:28,038 - root - INFO - $$$$$$$$$$$$$$$$$$$ - Allert - $$$$$$$$$$$$$$$$$$$
2025-01-05 14:09:28,038 - root - INFO - $$$$$$$$$$$$$$$$$$$ - Allert - $$$$$$$$$$$$$$$$$$$
2025-01-05 14:09:28,038 - root - INFO - $$$$$$$$$$$$$$$$$$$ - Allert - $$$$$$$$$$$$$$$$$$$
2025-01-05 14:09:28,038 - root - INFO - $$$$$$$$$$$$$$$$$$$ - Allert - $$$$$$$$$$$$$$$$$$$
2025-01-05 14:09:28,038 - root - INFO - $$$$$$$$$$$$$$$$$$$ - Allert - $$$$$$$$$$$$$$$$$$$
2025-01-05 14:09:28,042 - root - INFO - The alert text is: Are you sure you want to reset the data? All orders you have created will be deleted.
2025-01-05 14:09:28,042 - root - INFO - The alert text is: Are you sure you want to reset the data? All orders you have created will be deleted.
2025-01-05 14:09:28,042 - root - INFO - The alert text is: Are you sure you want to reset the data? All orders you have created will be deleted.
2025-01-05 14:09:28,042 - root - INFO - The alert text is: Are you sure you want to reset the data? All orders you have created will be deleted.
2025-01-05 14:09:28,042 - root - INFO - The alert text is: Are you sure you want to reset the data? All orders you have created will be deleted.
2025-01-05 14:09:28,042 - root - INFO - The alert text is: Are you sure you want to reset the data? All orders you have created will be deleted.
2025-01-05 14:09:28,042 - root - INFO - The alert text is: Are you sure you want to reset the data? All orders you have created will be deleted.
