2025-04-16 22:36:02,474 - root - INFO - Login
2025-04-16 22:36:04,787 - root - INFO - login with username: Admin and password: admin123
2025-04-16 22:36:04,787 - root - INFO - login with username: Admin and password: admin123
2025-04-16 22:36:07,513 - root - INFO - Profile options: ['About', 'Support', 'Change Password', 'Logout']
2025-04-16 22:36:07,513 - root - INFO - Profile options: ['About', 'Support', 'Change Password', 'Logout']
2025-04-16 22:36:07,513 - root - INFO - Profile options: ['About', 'Support', 'Change Password', 'Logout']
2025-04-16 22:36:07,824 - root - INFO - Screenshot saved: OrangeHRM_login.png
2025-04-16 22:36:07,824 - root - INFO - Screenshot saved: OrangeHRM_login.png
2025-04-16 22:36:07,824 - root - INFO - Screenshot saved: OrangeHRM_login.png
2025-04-16 22:36:07,824 - root - INFO - Screenshot saved: OrangeHRM_login.png
2025-04-16 22:36:23,075 - root - INFO - user details: {'Company Name': 'bobabcd', 'Version': 'OrangeHRM OS 5.7', 'Active Employees': '89', 'Employees Terminated': '0'}
2025-04-16 22:36:23,075 - root - INFO - user details: {'Company Name': 'bobabcd', 'Version': 'OrangeHRM OS 5.7', 'Active Employees': '89', 'Employees Terminated': '0'}
2025-04-16 22:36:23,075 - root - INFO - user details: {'Company Name': 'bobabcd', 'Version': 'OrangeHRM OS 5.7', 'Active Employees': '89', 'Employees Terminated': '0'}
2025-04-16 22:36:23,075 - root - INFO - user details: {'Company Name': 'bobabcd', 'Version': 'OrangeHRM OS 5.7', 'Active Employees': '89', 'Employees Terminated': '0'}
2025-04-16 22:36:23,075 - root - INFO - user details: {'Company Name': 'bobabcd', 'Version': 'OrangeHRM OS 5.7', 'Active Employees': '89', 'Employees Terminated': '0'}
2025-04-16 22:36:30,336 - root - INFO - The profile optins: ['About', 'Support', 'Change Password', 'Logout']
2025-04-16 22:36:30,336 - root - INFO - The profile optins: ['About', 'Support', 'Change Password', 'Logout']
2025-04-16 22:36:30,336 - root - INFO - The profile optins: ['About', 'Support', 'Change Password', 'Logout']
2025-04-16 22:36:30,336 - root - INFO - The profile optins: ['About', 'Support', 'Change Password', 'Logout']
2025-04-16 22:36:30,336 - root - INFO - The profile optins: ['About', 'Support', 'Change Password', 'Logout']
2025-04-16 22:36:30,336 - root - INFO - The profile optins: ['About', 'Support', 'Change Password', 'Logout']
